2019-12-08 20:43:14,424 INFO The server IP list of Nacos is [192.168.2.111:8841, 192.168.2.111:8842, 192.168.2.111:8843]

2019-12-08 20:43:14,433 INFO Starting Nacos v1.1.4 on win-10 with PID 9004 (D:\java\nacos-server-1.1.4\nacos\target\nacos-server.jar started by Administrator in D:\java\nacos-server-1.1.4\nacos\bin)

2019-12-08 20:43:14,435 INFO No active profile set, falling back to default profiles: default

2019-12-08 20:43:15,430 INFO Nacos is starting...

2019-12-08 20:43:16,066 INFO Bean 'org.springframework.security.config.annotation.configuration.ObjectPostProcessorConfiguration' of type [org.springframework.security.config.annotation.configuration.ObjectPostProcessorConfiguration$$EnhancerBySpringCGLIB$$113a6bb2] is not eligible for getting processed by all BeanPostProcessors (for example: not eligible for auto-proxying)

2019-12-08 20:43:16,142 INFO Bean 'objectPostProcessor' of type [org.springframework.security.config.annotation.configuration.AutowireBeanFactoryObjectPostProcessor] is not eligible for getting processed by all BeanPostProcessors (for example: not eligible for auto-proxying)

2019-12-08 20:43:16,144 INFO Bean 'org.springframework.security.access.expression.method.DefaultMethodSecurityExpressionHandler@73eb439a' of type [org.springframework.security.access.expression.method.DefaultMethodSecurityExpressionHandler] is not eligible for getting processed by all BeanPostProcessors (for example: not eligible for auto-proxying)

2019-12-08 20:43:16,147 INFO Bean 'org.springframework.security.config.annotation.method.configuration.GlobalMethodSecurityConfiguration' of type [org.springframework.security.config.annotation.method.configuration.GlobalMethodSecurityConfiguration$$EnhancerBySpringCGLIB$$360f0e64] is not eligible for getting processed by all BeanPostProcessors (for example: not eligible for auto-proxying)

2019-12-08 20:43:16,152 INFO Bean 'methodSecurityMetadataSource' of type [org.springframework.security.access.method.DelegatingMethodSecurityMetadataSource] is not eligible for getting processed by all BeanPostProcessors (for example: not eligible for auto-proxying)

2019-12-08 20:43:16,432 INFO Nacos is starting...

2019-12-08 20:43:16,601 INFO Tomcat initialized with port(s): 8841 (http)

2019-12-08 20:43:16,616 INFO Initializing ProtocolHandler ["http-nio-8841"]

2019-12-08 20:43:16,625 INFO Starting service [Tomcat]

2019-12-08 20:43:16,625 INFO Starting Servlet Engine: Apache Tomcat/9.0.13

2019-12-08 20:43:16,634 INFO The APR based Apache Tomcat Native library which allows optimal performance in production environments was not found on the java.library.path: [D:\java\jdk1.8.0_91\bin;C:\windows\Sun\Java\bin;C:\windows\system32;C:\windows;D:\java\xshell6\;D:\java\python27\Scripts\;D:\java\python27\;C:\ProgramData\Oracle\Java\javapath;C:\Program Files (x86)\Intel\iCLS Client\;C:\Program Files\Intel\iCLS Client\;C:\windows\system32;C:\windows;C:\windows\System32\Wbem;C:\windows\System32\WindowsPowerShell\v1.0\;C:\Program Files (x86)\Intel\Intel(R) Management Engine Components\DAL;C:\Program Files\Intel\Intel(R) Management Engine Components\DAL;C:\Program Files (x86)\Intel\Intel(R) Management Engine Components\IPT;C:\Program Files\Intel\Intel(R) Management Engine Components\IPT;D:\java\jdk1.8.0_91\bin;D:\programs\MySQL\MySQL Server5.5\bin;D:\java\scala2.9.3\\bin;D:\java\apache-maven-3.3.9\bin;D:\java\Git\cmd;D:\java\jdk1.8.0_91\bin;C:\Program Files (x86)\NVIDIA Corporation\PhysX\Common;D:\java\node-v10.15.3-win-x64;D:\programs\TortoiseGit\bin;D:\java\Redis\;D:\Program Files\TortoiseSVN\bin;.]

2019-12-08 20:43:16,697 INFO Initializing Spring embedded WebApplicationContext

2019-12-08 20:43:16,697 INFO Root WebApplicationContext: initialization completed in 2212 ms

2019-12-08 20:43:17,310 INFO Use Mysql as the driver

2019-12-08 20:43:17,437 INFO Nacos is starting...

2019-12-08 20:43:18,328 INFO Initializing ExecutorService 'applicationTaskExecutor'

2019-12-08 20:43:18,438 INFO Nacos is starting...

2019-12-08 20:43:18,481 INFO Adding welcome page: class path resource [static/index.html]

2019-12-08 20:43:18,753 INFO Creating filter chain: Ant [pattern='/'], []

2019-12-08 20:43:18,753 INFO Creating filter chain: Ant [pattern='/**/*.css'], []

2019-12-08 20:43:18,753 INFO Creating filter chain: Ant [pattern='/**/*.js'], []

2019-12-08 20:43:18,753 INFO Creating filter chain: Ant [pattern='/**/*.html'], []

2019-12-08 20:43:18,753 INFO Creating filter chain: Ant [pattern='/**/*.map'], []

2019-12-08 20:43:18,753 INFO Creating filter chain: Ant [pattern='/**/*.svg'], []

2019-12-08 20:43:18,753 INFO Creating filter chain: Ant [pattern='/**/*.png'], []

2019-12-08 20:43:18,753 INFO Creating filter chain: Ant [pattern='/**/*.ico'], []

2019-12-08 20:43:18,753 INFO Creating filter chain: Ant [pattern='/console-fe/public/**'], []

2019-12-08 20:43:18,753 INFO Creating filter chain: Ant [pattern='/v1/auth/login'], []

2019-12-08 20:43:18,753 INFO Creating filter chain: Ant [pattern='/v1/console/health/**'], []

2019-12-08 20:43:18,753 INFO Creating filter chain: Ant [pattern='/v1/cs/**'], []

2019-12-08 20:43:18,753 INFO Creating filter chain: Ant [pattern='/v1/ns/**'], []

2019-12-08 20:43:18,753 INFO Creating filter chain: Ant [pattern='/v1/cmdb/**'], []

2019-12-08 20:43:18,753 INFO Creating filter chain: Ant [pattern='/actuator/**'], []

2019-12-08 20:43:18,753 INFO Creating filter chain: Ant [pattern='/v1/console/server/**'], []

2019-12-08 20:43:18,779 INFO Creating filter chain: any request, [org.springframework.security.web.context.request.async.WebAsyncManagerIntegrationFilter@18cebaa5, org.springframework.security.web.context.SecurityContextPersistenceFilter@3f07b12c, org.springframework.security.web.header.HeaderWriterFilter@42f33b5d, org.springframework.security.web.authentication.logout.LogoutFilter@25bc0606, com.alibaba.nacos.console.filter.JwtAuthenticationTokenFilter@463b4ac8, org.springframework.security.web.savedrequest.RequestCacheAwareFilter@7096b474, org.springframework.security.web.servletapi.SecurityContextHolderAwareRequestFilter@784b990c, org.springframework.security.web.authentication.AnonymousAuthenticationFilter@765f05af, org.springframework.security.web.session.SessionManagementFilter@4b7e96a, org.springframework.security.web.access.ExceptionTranslationFilter@2eced48b, org.springframework.security.web.access.intercept.FilterSecurityInterceptor@7c098bb3]

2019-12-08 20:43:18,852 INFO Exposing 2 endpoint(s) beneath base path '/actuator'

2019-12-08 20:43:18,875 INFO Initializing ExecutorService 'taskScheduler'

2019-12-08 20:43:18,926 INFO Starting ProtocolHandler ["http-nio-8841"]

2019-12-08 20:43:18,927 INFO Using a shared selector for servlet write/read

2019-12-08 20:43:18,954 INFO Tomcat started on port(s): 8841 (http) with context path '/nacos'

2019-12-08 20:43:18,957 INFO Started Nacos in 5.14 seconds (JVM running for 5.597)

2019-12-08 20:43:18,957 INFO Nacos Log files: D:\java\nacos-server-1.1.4\nacos/logs/

2019-12-08 20:43:18,958 INFO Nacos Conf files: D:\java\nacos-server-1.1.4\nacos/conf/

2019-12-08 20:43:18,959 INFO Nacos Data files: D:\java\nacos-server-1.1.4\nacos/data/

2019-12-08 20:43:18,961 INFO Nacos started successfully in cluster mode.

2019-12-08 20:43:19,390 INFO Initializing Spring DispatcherServlet 'dispatcherServlet'

2019-12-08 20:43:19,390 INFO Initializing Servlet 'dispatcherServlet'

2019-12-08 20:43:19,398 INFO Completed initialization in 8 ms

2019-12-08 20:53:24,231 INFO [capacityManagement] start correct usage

2019-12-08 20:53:24,241 INFO [capacityManagement] end correct usage, cost: 0s

2019-12-08 20:53:24,321 WARN clearConfigHistory start

2019-12-08 21:03:24,242 INFO [capacityManagement] start correct usage

2019-12-08 21:03:24,247 INFO [capacityManagement] end correct usage, cost: 0s

2019-12-08 21:03:24,333 WARN clearConfigHistory start

2019-12-08 21:09:01,168 INFO Expired JWT token.

2019-12-08 21:09:01,173 ERROR Responding with unauthorized error. Message - Full authentication is required to access this resource

